
--------------------------------------------------------------------------------
Start: 07-Dec-2021 23:13:19
Component Name: Export to Shape File
Input Name: OOM_GEOBCN_CONS.GEOBCN_CONS.TMAP_DISTRICTE
Information: 10 feature(s) successfully exported.
End: 07-Dec-2021 23:13:19
--------------------------------------------------------------------------------

--------------------------------------------------------------------------------
Start: 07-Dec-2021 23:13:20
Component Name: Export to Shape File
Input Name: Límit terme municipal
Information: 76 feature(s) successfully exported.
End: 07-Dec-2021 23:13:20
--------------------------------------------------------------------------------

--------------------------------------------------------------------------------
Start: 07-Dec-2021 23:13:21
Component Name: Export to Shape File
Input Name: Nom districte
Information: 12 feature(s) successfully exported.
End: 07-Dec-2021 23:13:21
--------------------------------------------------------------------------------
